<?xml version="1.0" encoding="UTF-8"?>
<!-- Generated by org.testng.reporters.JUnitReportReporter -->
<testsuite hostname="Adarshas-MacBook-Pro.local" name="net.project.HackerRankForWork.TestClasses.SanityTestClass" tests="3" failures="0" timestamp="15 Jul 2015 05:36:53 GMT" time="4310815744.000" errors="0">
  <testcase name="codePairSanityTest1" time="1436938496.000" classname="net.project.HackerRankForWork.TestClasses.SanityTestClass"/>
  <testcase name="codePairSanityTest3" time="1436938624.000" classname="net.project.HackerRankForWork.TestClasses.SanityTestClass"/>
  <testcase name="codePairSanityTest2" time="1436938496.000" classname="net.project.HackerRankForWork.TestClasses.SanityTestClass"/>
</testsuite> <!-- net.project.HackerRankForWork.TestClasses.SanityTestClass -->
