<?xml version="1.0" encoding="UTF-8"?>
<!-- Generated by org.testng.reporters.JUnitReportReporter -->
<testsuite hostname="Adarshas-MacBook-Pro.local" name="net.project.testClasses.HackerrankForWork.CodePair.SampleTest" tests="1" failures="0" timestamp="19 Jun 2015 08:25:31 GMT" time="1434702336.000" errors="0">
  <testcase name="testFromIntervieweeSide" time="1434702336.000" classname="net.project.testClasses.HackerrankForWork.CodePair.SampleTest"/>
</testsuite> <!-- net.project.testClasses.HackerrankForWork.CodePair.SampleTest -->
