<?xml version="1.0" encoding="UTF-8"?>
<!-- Generated by org.testng.reporters.JUnitReportReporter -->
<testsuite hostname="Adarsha-PC" name="net.project.testClasses.CheckDataProvider" tests="1" failures="0" timestamp="21 May 2015 13:15:07 GMT" time="0.344" errors="0">
  <testcase name="testt" time="0.344" classname="net.project.testClasses.CheckDataProvider"/>
</testsuite> <!-- net.project.testClasses.CheckDataProvider -->
