<?xml version="1.0" encoding="UTF-8"?>
<!-- Generated by org.testng.reporters.JUnitReportReporter -->
<testsuite hostname="Adarsha-PC" name="net.project.testClasses.HackerrankTestCases.BasicTestCase" tests="2" failures="0" timestamp="4 Jun 2015 17:55:12 GMT" time="2866881024.000" errors="0">
  <testcase name="firstTask" time="1433440512.000" classname="net.project.testClasses.HackerrankTestCases.BasicTestCase"/>
  <testcase name="firstTask" time="1433440512.000" classname="net.project.testClasses.HackerrankTestCases.BasicTestCase"/>
</testsuite> <!-- net.project.testClasses.HackerrankTestCases.BasicTestCase -->
