<?xml version="1.0" encoding="UTF-8"?>
<!-- Generated by org.testng.reporters.JUnitReportReporter -->
<testsuite hostname="Adarsha-PC" name="net.project.testClasses.HackerrankTestCases.TrialTest" tests="1" failures="0" timestamp="4 Jun 2015 12:03:50 GMT" time="31.670" errors="0">
  <testcase name="phantomJSTask" time="31.670" classname="net.project.testClasses.HackerrankTestCases.TrialTest"/>
</testsuite> <!-- net.project.testClasses.HackerrankTestCases.TrialTest -->
