<?xml version="1.0" encoding="UTF-8"?>
<!-- Generated by org.testng.reporters.JUnitReportReporter -->
<testsuite hostname="Adarshas-MacBook-Pro.local" name="net.project.testClasses.HackerrankForWork.CodePair.ChatTestClass" tests="1" failures="0" timestamp="26 Jun 2015 10:20:05 GMT" time="1435314048.000" errors="0">
  <testcase name="testFromInterviewerSide" time="1435314048.000" classname="net.project.testClasses.HackerrankForWork.CodePair.ChatTestClass"/>
</testsuite> <!-- net.project.testClasses.HackerrankForWork.CodePair.ChatTestClass -->
