<?xml version="1.0" encoding="UTF-8"?>
<!-- Generated by org.testng.reporters.JUnitReportReporter -->
<testsuite hostname="Adarshas-MacBook-Pro.local" name="net.project.testClasses.TestWebDriverShutdown" tests="1" failures="0" timestamp="22 Jun 2015 04:30:10 GMT" time="0.002" errors="1">
  <testcase name="driverShutdown" time="0.002" classname="net.project.testClasses.TestWebDriverShutdown">
    <error type="org.testng.TestNGException" message="
Can&#039;t invoke public void net.project.testClasses.TestWebDriverShutdown.driverShutdown(): either make it static or add a no-args constructor to your class">
      <![CDATA[org.testng.TestNGException: 
Can't invoke public void net.project.testClasses.TestWebDriverShutdown.driverShutdown(): either make it static or add a no-args constructor to your class
	at org.testng.internal.Utils.checkInstanceOrStatic(Utils.java:783)
	at org.testng.internal.MethodInvocationHelper.invokeMethod(MethodInvocationHelper.java:41)
	at org.testng.internal.Invoker.invokeMethod(Invoker.java:648)
	at org.testng.internal.Invoker.invokeTestMethod(Invoker.java:834)
	at org.testng.internal.Invoker.invokeTestMethods(Invoker.java:1142)
	at org.testng.internal.TestMethodWorker.invokeTestMethods(TestMethodWorker.java:124)
	at org.testng.internal.TestMethodWorker.run(TestMethodWorker.java:108)
	at java.util.concurrent.ThreadPoolExecutor.runWorker(ThreadPoolExecutor.java:1142)
	at java.util.concurrent.ThreadPoolExecutor$Worker.run(ThreadPoolExecutor.java:617)
	at java.lang.Thread.run(Thread.java:745)
]]>
    </error>
  </testcase> <!-- driverShutdown -->
</testsuite> <!-- net.project.testClasses.TestWebDriverShutdown -->
