<?xml version="1.0" encoding="UTF-8"?>
<!-- Generated by org.testng.reporters.JUnitReportReporter -->
<testsuite hostname="Adarshas-MacBook-Pro.local" name="net.project.performanceTest.JMeterFromScratch" tests="1" failures="0" timestamp="3 Jul 2015 07:53:06 GMT" time="3.497" errors="0">
  <testcase name="perfTest" time="3.497" classname="net.project.performanceTest.JMeterFromScratch"/>
</testsuite> <!-- net.project.performanceTest.JMeterFromScratch -->
