<?xml version="1.0" encoding="UTF-8"?>
<!-- Generated by org.testng.reporters.JUnitReportReporter -->
<testsuite hostname="Adarshas-MacBook-Pro.local" name="net.project.HackerRankForWork.TestClasses.SanityTestClass" tests="3" failures="0" timestamp="17 Jul 2015 12:36:30 GMT" time="4311409664.000" errors="0">
  <testcase name="codePairSanityTest2" time="1437136640.000" classname="net.project.HackerRankForWork.TestClasses.SanityTestClass"/>
  <testcase name="codePairSanityTest3" time="1437136640.000" classname="net.project.HackerRankForWork.TestClasses.SanityTestClass"/>
  <testcase name="codePairSanityTest1" time="1437136512.000" classname="net.project.HackerRankForWork.TestClasses.SanityTestClass"/>
</testsuite> <!-- net.project.HackerRankForWork.TestClasses.SanityTestClass -->
