<?xml version="1.0" encoding="UTF-8"?>
<!-- Generated by org.testng.reporters.JUnitReportReporter -->
<testsuite hostname="Adarshas-MacBook-Pro.local" name="net.project.testClasses.CheckDataProvider" tests="1" failures="0" timestamp="23 Jun 2015 08:37:44 GMT" time="0.133" errors="0">
  <testcase name="testt" time="0.133" classname="net.project.testClasses.CheckDataProvider"/>
</testsuite> <!-- net.project.testClasses.CheckDataProvider -->
