<?xml version="1.0" encoding="UTF-8"?>
<!-- Generated by org.testng.reporters.JUnitReportReporter -->
<testsuite hostname="Adarshas-MacBook-Pro.local" name="net.project.testClasses.HackerrankForWork.CodePair.BasicTestClass" tests="2" failures="0" timestamp="17 Jul 2015 12:49:04 GMT" time="2874274816.000" errors="0">
  <testcase name="testFromInterviewerSide" time="1437137280.000" classname="net.project.testClasses.HackerrankForWork.CodePair.BasicTestClass"/>
  <testcase name="testFromIntervieweeSide" time="1437137408.000" classname="net.project.testClasses.HackerrankForWork.CodePair.BasicTestClass"/>
</testsuite> <!-- net.project.testClasses.HackerrankForWork.CodePair.BasicTestClass -->
