<?xml version="1.0" encoding="UTF-8"?>
<!-- Generated by org.testng.reporters.JUnitReportReporter -->
<testsuite hostname="Adarshas-MacBook-Pro.local" name="net.project.HackerRankForWork.TestClasses.SanityTestClass" tests="3" failures="0" timestamp="17 Jul 2015 06:13:04 GMT" time="4311340544.000" errors="0">
  <testcase name="codePairSanityTest3" time="1437113600.000" classname="net.project.HackerRankForWork.TestClasses.SanityTestClass"/>
  <testcase name="codePairSanityTest2" time="1437113472.000" classname="net.project.HackerRankForWork.TestClasses.SanityTestClass"/>
  <testcase name="codePairSanityTest1" time="1437113472.000" classname="net.project.HackerRankForWork.TestClasses.SanityTestClass"/>
</testsuite> <!-- net.project.HackerRankForWork.TestClasses.SanityTestClass -->
